<?xml version="1.0" encoding="UTF-8"?>
<!-- Generated by org.testng.reporters.JUnitXMLReporter -->
<testsuite ignored="0" hostname="KUMARANHARSHA" failures="0" tests="7" name="Default test" time="48.312" errors="0" timestamp="2024-11-29T16:35:13 IST">
  <testcase classname="org.dataProviderTest.DataProviderOnly" name="main" time="7.16"/>
  <testcase classname="org.dataProviderTest.DataProviderOnly" name="main" time="6.64"/>
  <testcase classname="org.dataProviderTest.DataProviderOnly" name="main" time="7.059"/>
  <testcase classname="org.dataProviderTest.DataProviderOnly" name="main" time="7.894"/>
  <testcase classname="org.dataProviderTest.DataProviderOnly" name="main" time="6.65"/>
  <testcase classname="org.dataProviderTest.DataProviderOnly" name="main" time="6.453"/>
  <testcase classname="org.dataProviderTest.DataProviderOnly" name="main" time="6.412"/>
</testsuite> <!-- Default test -->
